Started on Nov 26, 2024, 1:29:00 PM
Using strategy: Default
[poll] Last Built Revision: Revision 8325f4491cee4e77166587caebccd0d5ccf76367 (refs/remotes/origin/main)
The recommended git tool is: NONE
using credential host1
 > git --version # timeout=10
 > git --version # 'git version 2.43.5'
using GIT_SSH to set credentials host1
Verifying host key using known hosts file
[8mha:////4HOlJ4zQyuPe1psiVzHVQk5ko57nOwu1/nZWVtVEagoMAAAAwB+LCAAAAAAAAP9djLENwjAQRY8gGIAS0VE77ihAVDQgRVAwQRSMfYl1tuwLStZgDWgYgmEo2IFE6fjN+19fes8vTGKAhakv0VFaOIrOqnTfehUsUnV0rFbbx2t79+8EkgNMrSLNJoNxHSzDLCvzWy5tTlqeOSDpTRNg/qfbDexlMGSUADS+Kx+Gk2H2cS2lt7VGimmpqOqJTmpkUVhUxHI53KKTcrdFjEYYF1lUqhU3FfCKRc7o6AcdrEU/1AAAAA==[0mYou're using 'Known hosts file' strategy to verify ssh host keys, but your known_hosts file does not exist, please go to 'Manage Jenkins' -> 'Security' -> 'Git Host Key Verification Configuration' and configure host key verification.
 > git ls-remote -h -- git@github.com:sathvik-sp/JenkinsPipelineLab.git # timeout=10
ERROR: polling failed in /home/azureuser/project/workspace/Pipeline2 on Node1
hudson.plugins.git.GitException: Command "git ls-remote -h -- git@github.com:sathvik-sp/JenkinsPipelineLab.git" returned status code 128:
stdout: 
stderr: No ED25519 host key is known for github.com and you have requested strict checking.
Host key verification failed.
fatal: Could not read from remote repository.

Please make sure you have the correct access rights
and the repository exists.

	at PluginClassLoader for git-client//org.jenkinsci.plugins.gitclient.CliGitAPIImpl.launchCommandIn(CliGitAPIImpl.java:2848)
	at PluginClassLoader for git-client//org.jenkinsci.plugins.gitclient.CliGitAPIImpl.launchCommandWithCredentials(CliGitAPIImpl.java:2184)
	at PluginClassLoader for git-client//org.jenkinsci.plugins.gitclient.CliGitAPIImpl.launchCommandWithCredentials(CliGitAPIImpl.java:2080)
	at PluginClassLoader for git-client//org.jenkinsci.plugins.gitclient.CliGitAPIImpl.launchCommandWithCredentials(CliGitAPIImpl.java:2071)
	at PluginClassLoader for git-client//org.jenkinsci.plugins.gitclient.CliGitAPIImpl.getHeadRev(CliGitAPIImpl.java:3746)
	at PluginClassLoader for git//hudson.plugins.git.GitSCM.compareRemoteRevisionWithImpl(GitSCM.java:729)
	at PluginClassLoader for git//hudson.plugins.git.GitSCM.compareRemoteRevisionWith(GitSCM.java:688)
Caused: java.io.IOException
	at PluginClassLoader for git//hudson.plugins.git.GitSCM.compareRemoteRevisionWith(GitSCM.java:690)
	at PluginClassLoader for workflow-job//org.jenkinsci.plugins.workflow.job.WorkflowJob.poll(WorkflowJob.java:631)
	at hudson.triggers.SCMTrigger$Runner.runPolling(SCMTrigger.java:617)
	at hudson.triggers.SCMTrigger$Runner.run(SCMTrigger.java:664)
	at hudson.util.SequentialExecutionQueue$QueueEntry.run(SequentialExecutionQueue.java:123)
	at java.base/java.util.concurrent.Executors$RunnableAdapter.call(Executors.java:539)
	at java.base/java.util.concurrent.FutureTask.run(FutureTask.java:264)
	at java.base/java.util.concurrent.ThreadPoolExecutor.runWorker(ThreadPoolExecutor.java:1136)
	at java.base/java.util.concurrent.ThreadPoolExecutor$Worker.run(ThreadPoolExecutor.java:635)
	at java.base/java.lang.Thread.run(Thread.java:840)
Done. Took 0.31 sec
No changes
